<?xml version="1.0" encoding="UTF-8"?>
<!-- Generated by org.testng.reporters.JUnitXMLReporter -->
<testsuite ignored="0" hostname="WS-02636159" failures="0" tests="1" name="Test" time="6.195" errors="0" timestamp="04 Jan 2024 16:19:59 GMT">
  <testcase classname="tests.TestsForRun" name="@BeforeTest setUp" time="0.0">
    <failure type="org.openqa.selenium.SessionNotCreatedException" message="session not created: This version of ChromeDriver only supports Chrome version 114
Current browser version is 120.0.6099.199 with binary path C:\Program Files\Google\Chrome\Application\chrome.exe
Build info: version: &amp;apos;3.4.0&amp;apos;, revision: &amp;apos;unknown&amp;apos;, time: &amp;apos;unknown&amp;apos;
System info: host: &amp;apos;WS-02636159&amp;apos;, ip: &amp;apos;192.168.1.129&amp;apos;, os.name: &amp;apos;Windows 10&amp;apos;, os.arch: &amp;apos;amd64&amp;apos;, os.version: &amp;apos;10.0&amp;apos;, java.version: &amp;apos;17.0.7&amp;apos;
Driver info: driver.version: ChromeDriver
remote stacktrace: Backtrace:
	GetHandleVerifier [0x00C0A813+48355]
	(No symbol) [0x00B9C4B1]
	(No symbol) [0x00AA5358]
	(No symbol) [0x00AC61AC]
	(No symbol) [0x00AC1EF3]
	(No symbol) [0x00AC0579]
	(No symbol) [0x00AF0C55]
	(No symbol) [0x00AF093C]
	(No symbol) [0x00AEA536]
	(No symbol) [0x00AC82DC]
	(No symbol) [0x00AC93DD]
	GetHandleVerifier [0x00E6AABD+2539405]
	GetHandleVerifier [0x00EAA78F+2800735]
	GetHandleVerifier [0x00EA456C+2775612]
	GetHandleVerifier [0x00C951E0+616112]
	(No symbol) [0x00BA5F8C]
	(No symbol) [0x00BA2328]
	(No symbol) [0x00BA240B]
	(No symbol) [0x00B94FF7]
	BaseThreadInitThunk [0x75ADFCC9+25]
	RtlGetAppContainerNamedObjectPath [0x77727C6E+286]
	RtlGetAppContainerNamedObjectPath [0x77727C3E+238]
">
      <![CDATA[org.openqa.selenium.SessionNotCreatedException: session not created: This version of ChromeDriver only supports Chrome version 114
Current browser version is 120.0.6099.199 with binary path C:\Program Files\Google\Chrome\Application\chrome.exe
Build info: version: '3.4.0', revision: 'unknown', time: 'unknown'
System info: host: 'WS-02636159', ip: '192.168.1.129', os.name: 'Windows 10', os.arch: 'amd64', os.version: '10.0', java.version: '17.0.7'
Driver info: driver.version: ChromeDriver
remote stacktrace: Backtrace:
	GetHandleVerifier [0x00C0A813+48355]
	(No symbol) [0x00B9C4B1]
	(No symbol) [0x00AA5358]
	(No symbol) [0x00AC61AC]
	(No symbol) [0x00AC1EF3]
	(No symbol) [0x00AC0579]
	(No symbol) [0x00AF0C55]
	(No symbol) [0x00AF093C]
	(No symbol) [0x00AEA536]
	(No symbol) [0x00AC82DC]
	(No symbol) [0x00AC93DD]
	GetHandleVerifier [0x00E6AABD+2539405]
	GetHandleVerifier [0x00EAA78F+2800735]
	GetHandleVerifier [0x00EA456C+2775612]
	GetHandleVerifier [0x00C951E0+616112]
	(No symbol) [0x00BA5F8C]
	(No symbol) [0x00BA2328]
	(No symbol) [0x00BA240B]
	(No symbol) [0x00B94FF7]
	BaseThreadInitThunk [0x75ADFCC9+25]
	RtlGetAppContainerNamedObjectPath [0x77727C6E+286]
	RtlGetAppContainerNamedObjectPath [0x77727C3E+238]

	at org.openqa.selenium.remote.W3CHandshakeResponse.lambda$new$0(W3CHandshakeResponse.java:57)
	at org.openqa.selenium.remote.W3CHandshakeResponse.lambda$getResponseFunction$2(W3CHandshakeResponse.java:104)
	at org.openqa.selenium.remote.ProtocolHandshake.lambda$createSession$22(ProtocolHandshake.java:365)
	at java.base/java.util.stream.ReferencePipeline$3$1.accept(ReferencePipeline.java:197)
	at java.base/java.util.Spliterators$ArraySpliterator.tryAdvance(Spliterators.java:1002)
	at java.base/java.util.stream.ReferencePipeline.forEachWithCancel(ReferencePipeline.java:129)
	at java.base/java.util.stream.AbstractPipeline.copyIntoWithCancel(AbstractPipeline.java:527)
	at java.base/java.util.stream.AbstractPipeline.copyInto(AbstractPipeline.java:513)
	at java.base/java.util.stream.AbstractPipeline.wrapAndCopyInto(AbstractPipeline.java:499)
	at java.base/java.util.stream.FindOps$FindOp.evaluateSequential(FindOps.java:150)
	at java.base/java.util.stream.AbstractPipeline.evaluate(AbstractPipeline.java:234)
	at java.base/java.util.stream.ReferencePipeline.findFirst(ReferencePipeline.java:647)
	at org.openqa.selenium.remote.ProtocolHandshake.createSession(ProtocolHandshake.java:368)
	at org.openqa.selenium.remote.ProtocolHandshake.createSession(ProtocolHandshake.java:159)
	at org.openqa.selenium.remote.HttpCommandExecutor.execute(HttpCommandExecutor.java:142)
	at org.openqa.selenium.remote.service.DriverCommandExecutor.execute(DriverCommandExecutor.java:82)
	at org.openqa.selenium.remote.RemoteWebDriver.execute(RemoteWebDriver.java:637)
	at org.openqa.selenium.remote.RemoteWebDriver.startSession(RemoteWebDriver.java:250)
	at org.openqa.selenium.remote.RemoteWebDriver.startSession(RemoteWebDriver.java:236)
	at org.openqa.selenium.remote.RemoteWebDriver.<init>(RemoteWebDriver.java:137)
	at org.openqa.selenium.chrome.ChromeDriver.<init>(ChromeDriver.java:184)
	at org.openqa.selenium.chrome.ChromeDriver.<init>(ChromeDriver.java:171)
	at org.openqa.selenium.chrome.ChromeDriver.<init>(ChromeDriver.java:124)
	at tests.TestsForRun.setUp(TestsForRun.java:16)
... Removed 31 stack frames]]>
    </failure>
  </testcase> <!-- @BeforeTest setUp -->
  <testcase classname="tests.TestsForRun" name="@AfterTest tearDown" time="0.0">
    <skipped/>
  </testcase> <!-- @AfterTest tearDown -->
  <testcase classname="tests.TestsForRun" name="testBox" time="0.001">
    <skipped/>
  </testcase> <!-- testBox -->
</testsuite> <!-- Test -->
