<?xml version="1.0" encoding="UTF-8"?>
<testng-results ignored="0" total="1" passed="0" failed="0" skipped="1">
  <reporter-output>
  </reporter-output>
  <suite started-at="2024-01-04T16:19:52Z" name="Suite" finished-at="2024-01-04T16:19:59Z" duration-ms="6195">
    <groups>
    </groups>
    <test started-at="2024-01-04T16:19:52Z" name="Test" finished-at="2024-01-04T16:19:59Z" duration-ms="6195">
      <class name="tests.TestsForRun">
        <test-method is-config="true" signature="setUp()[pri:0, instance:tests.TestsForRun@1750fbeb]" started-at="2024-01-04T19:19:52Z" name="setUp" finished-at="2024-01-04T19:19:52Z" duration-ms="0" status="FAIL">
          <exception class="org.openqa.selenium.SessionNotCreatedException">
            <message>
              <![CDATA[session not created: This version of ChromeDriver only supports Chrome version 114
Current browser version is 120.0.6099.199 with binary path C:\Program Files\Google\Chrome\Application\chrome.exe
Build info: version: '3.4.0', revision: 'unknown', time: 'unknown'
System info: host: 'WS-02636159', ip: '192.168.1.129', os.name: 'Windows 10', os.arch: 'amd64', os.version: '10.0', java.version: '17.0.7'
Driver info: driver.version: ChromeDriver
remote stacktrace: Backtrace:
	GetHandleVerifier [0x00C0A813+48355]
	(No symbol) [0x00B9C4B1]
	(No symbol) [0x00AA5358]
	(No symbol) [0x00AC61AC]
	(No symbol) [0x00AC1EF3]
	(No symbol) [0x00AC0579]
	(No symbol) [0x00AF0C55]
	(No symbol) [0x00AF093C]
	(No symbol) [0x00AEA536]
	(No symbol) [0x00AC82DC]
	(No symbol) [0x00AC93DD]
	GetHandleVerifier [0x00E6AABD+2539405]
	GetHandleVerifier [0x00EAA78F+2800735]
	GetHandleVerifier [0x00EA456C+2775612]
	GetHandleVerifier [0x00C951E0+616112]
	(No symbol) [0x00BA5F8C]
	(No symbol) [0x00BA2328]
	(No symbol) [0x00BA240B]
	(No symbol) [0x00B94FF7]
	BaseThreadInitThunk [0x75ADFCC9+25]
	RtlGetAppContainerNamedObjectPath [0x77727C6E+286]
	RtlGetAppContainerNamedObjectPath [0x77727C3E+238]
]]>
            </message>
            <full-stacktrace>
              <![CDATA[org.openqa.selenium.SessionNotCreatedException: session not created: This version of ChromeDriver only supports Chrome version 114
Current browser version is 120.0.6099.199 with binary path C:\Program Files\Google\Chrome\Application\chrome.exe
Build info: version: '3.4.0', revision: 'unknown', time: 'unknown'
System info: host: 'WS-02636159', ip: '192.168.1.129', os.name: 'Windows 10', os.arch: 'amd64', os.version: '10.0', java.version: '17.0.7'
Driver info: driver.version: ChromeDriver
remote stacktrace: Backtrace:
	GetHandleVerifier [0x00C0A813+48355]
	(No symbol) [0x00B9C4B1]
	(No symbol) [0x00AA5358]
	(No symbol) [0x00AC61AC]
	(No symbol) [0x00AC1EF3]
	(No symbol) [0x00AC0579]
	(No symbol) [0x00AF0C55]
	(No symbol) [0x00AF093C]
	(No symbol) [0x00AEA536]
	(No symbol) [0x00AC82DC]
	(No symbol) [0x00AC93DD]
	GetHandleVerifier [0x00E6AABD+2539405]
	GetHandleVerifier [0x00EAA78F+2800735]
	GetHandleVerifier [0x00EA456C+2775612]
	GetHandleVerifier [0x00C951E0+616112]
	(No symbol) [0x00BA5F8C]
	(No symbol) [0x00BA2328]
	(No symbol) [0x00BA240B]
	(No symbol) [0x00B94FF7]
	BaseThreadInitThunk [0x75ADFCC9+25]
	RtlGetAppContainerNamedObjectPath [0x77727C6E+286]
	RtlGetAppContainerNamedObjectPath [0x77727C3E+238]

	at java.base/jdk.internal.reflect.NativeConstructorAccessorImpl.newInstance0(Native Method)
	at java.base/jdk.internal.reflect.NativeConstructorAccessorImpl.newInstance(NativeConstructorAccessorImpl.java:77)
	at java.base/jdk.internal.reflect.DelegatingConstructorAccessorImpl.newInstance(DelegatingConstructorAccessorImpl.java:45)
	at java.base/java.lang.reflect.Constructor.newInstanceWithCaller(Constructor.java:499)
	at java.base/java.lang.reflect.Constructor.newInstance(Constructor.java:480)
	at org.openqa.selenium.remote.W3CHandshakeResponse.lambda$new$0(W3CHandshakeResponse.java:57)
	at org.openqa.selenium.remote.W3CHandshakeResponse.lambda$getResponseFunction$2(W3CHandshakeResponse.java:104)
	at org.openqa.selenium.remote.ProtocolHandshake.lambda$createSession$22(ProtocolHandshake.java:365)
	at java.base/java.util.stream.ReferencePipeline$3$1.accept(ReferencePipeline.java:197)
	at java.base/java.util.Spliterators$ArraySpliterator.tryAdvance(Spliterators.java:1002)
	at java.base/java.util.stream.ReferencePipeline.forEachWithCancel(ReferencePipeline.java:129)
	at java.base/java.util.stream.AbstractPipeline.copyIntoWithCancel(AbstractPipeline.java:527)
	at java.base/java.util.stream.AbstractPipeline.copyInto(AbstractPipeline.java:513)
	at java.base/java.util.stream.AbstractPipeline.wrapAndCopyInto(AbstractPipeline.java:499)
	at java.base/java.util.stream.FindOps$FindOp.evaluateSequential(FindOps.java:150)
	at java.base/java.util.stream.AbstractPipeline.evaluate(AbstractPipeline.java:234)
	at java.base/java.util.stream.ReferencePipeline.findFirst(ReferencePipeline.java:647)
	at org.openqa.selenium.remote.ProtocolHandshake.createSession(ProtocolHandshake.java:368)
	at org.openqa.selenium.remote.ProtocolHandshake.createSession(ProtocolHandshake.java:159)
	at org.openqa.selenium.remote.HttpCommandExecutor.execute(HttpCommandExecutor.java:142)
	at org.openqa.selenium.remote.service.DriverCommandExecutor.execute(DriverCommandExecutor.java:82)
	at org.openqa.selenium.remote.RemoteWebDriver.execute(RemoteWebDriver.java:637)
	at org.openqa.selenium.remote.RemoteWebDriver.startSession(RemoteWebDriver.java:250)
	at org.openqa.selenium.remote.RemoteWebDriver.startSession(RemoteWebDriver.java:236)
	at org.openqa.selenium.remote.RemoteWebDriver.<init>(RemoteWebDriver.java:137)
	at org.openqa.selenium.chrome.ChromeDriver.<init>(ChromeDriver.java:184)
	at org.openqa.selenium.chrome.ChromeDriver.<init>(ChromeDriver.java:171)
	at org.openqa.selenium.chrome.ChromeDriver.<init>(ChromeDriver.java:124)
	at tests.TestsForRun.setUp(TestsForRun.java:16)
	at java.base/jdk.internal.reflect.NativeMethodAccessorImpl.invoke0(Native Method)
	at java.base/jdk.internal.reflect.NativeMethodAccessorImpl.invoke(NativeMethodAccessorImpl.java:77)
	at java.base/jdk.internal.reflect.DelegatingMethodAccessorImpl.invoke(DelegatingMethodAccessorImpl.java:43)
	at java.base/java.lang.reflect.Method.invoke(Method.java:568)
	at org.testng.internal.MethodInvocationHelper.invokeMethod(MethodInvocationHelper.java:104)
	at org.testng.internal.Invoker.invokeConfigurationMethod(Invoker.java:515)
	at org.testng.internal.Invoker.invokeConfigurations(Invoker.java:217)
	at org.testng.internal.Invoker.invokeConfigurations(Invoker.java:144)
	at org.testng.TestRunner.beforeRun(TestRunner.java:634)
	at org.testng.TestRunner.run(TestRunner.java:602)
	at org.testng.SuiteRunner.runTest(SuiteRunner.java:387)
	at org.testng.SuiteRunner.runSequentially(SuiteRunner.java:382)
	at org.testng.SuiteRunner.privateRun(SuiteRunner.java:340)
	at org.testng.SuiteRunner.run(SuiteRunner.java:289)
	at org.testng.SuiteRunnerWorker.runSuite(SuiteRunnerWorker.java:52)
	at org.testng.SuiteRunnerWorker.run(SuiteRunnerWorker.java:86)
	at org.testng.TestNG.runSuitesSequentially(TestNG.java:1293)
	at org.testng.TestNG.runSuitesLocally(TestNG.java:1218)
	at org.testng.TestNG.runSuites(TestNG.java:1133)
	at org.testng.TestNG.run(TestNG.java:1104)
	at org.apache.maven.surefire.testng.TestNGExecutor.run(TestNGExecutor.java:281)
	at org.apache.maven.surefire.testng.TestNGXmlTestSuite.execute(TestNGXmlTestSuite.java:75)
	at org.apache.maven.surefire.testng.TestNGProvider.invoke(TestNGProvider.java:121)
	at org.apache.maven.surefire.booter.ForkedBooter.invokeProviderInSameClassLoader(ForkedBooter.java:290)
	at org.apache.maven.surefire.booter.ForkedBooter.runSuitesInProcess(ForkedBooter.java:242)
	at org.apache.maven.surefire.booter.ForkedBooter.main(ForkedBooter.java:121)
]]>
            </full-stacktrace>
          </exception> <!-- org.openqa.selenium.SessionNotCreatedException -->
          <reporter-output>
          </reporter-output>
        </test-method> <!-- setUp -->
        <test-method signature="testBox()[pri:0, instance:tests.TestsForRun@1750fbeb]" started-at="2024-01-04T19:19:59Z" name="testBox" finished-at="2024-01-04T19:19:59Z" duration-ms="1" status="SKIP">
          <exception class="org.openqa.selenium.SessionNotCreatedException">
            <message>
              <![CDATA[session not created: This version of ChromeDriver only supports Chrome version 114
Current browser version is 120.0.6099.199 with binary path C:\Program Files\Google\Chrome\Application\chrome.exe
Build info: version: '3.4.0', revision: 'unknown', time: 'unknown'
System info: host: 'WS-02636159', ip: '192.168.1.129', os.name: 'Windows 10', os.arch: 'amd64', os.version: '10.0', java.version: '17.0.7'
Driver info: driver.version: ChromeDriver
remote stacktrace: Backtrace:
	GetHandleVerifier [0x00C0A813+48355]
	(No symbol) [0x00B9C4B1]
	(No symbol) [0x00AA5358]
	(No symbol) [0x00AC61AC]
	(No symbol) [0x00AC1EF3]
	(No symbol) [0x00AC0579]
	(No symbol) [0x00AF0C55]
	(No symbol) [0x00AF093C]
	(No symbol) [0x00AEA536]
	(No symbol) [0x00AC82DC]
	(No symbol) [0x00AC93DD]
	GetHandleVerifier [0x00E6AABD+2539405]
	GetHandleVerifier [0x00EAA78F+2800735]
	GetHandleVerifier [0x00EA456C+2775612]
	GetHandleVerifier [0x00C951E0+616112]
	(No symbol) [0x00BA5F8C]
	(No symbol) [0x00BA2328]
	(No symbol) [0x00BA240B]
	(No symbol) [0x00B94FF7]
	BaseThreadInitThunk [0x75ADFCC9+25]
	RtlGetAppContainerNamedObjectPath [0x77727C6E+286]
	RtlGetAppContainerNamedObjectPath [0x77727C3E+238]
]]>
            </message>
            <full-stacktrace>
              <![CDATA[org.openqa.selenium.SessionNotCreatedException: session not created: This version of ChromeDriver only supports Chrome version 114
Current browser version is 120.0.6099.199 with binary path C:\Program Files\Google\Chrome\Application\chrome.exe
Build info: version: '3.4.0', revision: 'unknown', time: 'unknown'
System info: host: 'WS-02636159', ip: '192.168.1.129', os.name: 'Windows 10', os.arch: 'amd64', os.version: '10.0', java.version: '17.0.7'
Driver info: driver.version: ChromeDriver
remote stacktrace: Backtrace:
	GetHandleVerifier [0x00C0A813+48355]
	(No symbol) [0x00B9C4B1]
	(No symbol) [0x00AA5358]
	(No symbol) [0x00AC61AC]
	(No symbol) [0x00AC1EF3]
	(No symbol) [0x00AC0579]
	(No symbol) [0x00AF0C55]
	(No symbol) [0x00AF093C]
	(No symbol) [0x00AEA536]
	(No symbol) [0x00AC82DC]
	(No symbol) [0x00AC93DD]
	GetHandleVerifier [0x00E6AABD+2539405]
	GetHandleVerifier [0x00EAA78F+2800735]
	GetHandleVerifier [0x00EA456C+2775612]
	GetHandleVerifier [0x00C951E0+616112]
	(No symbol) [0x00BA5F8C]
	(No symbol) [0x00BA2328]
	(No symbol) [0x00BA240B]
	(No symbol) [0x00B94FF7]
	BaseThreadInitThunk [0x75ADFCC9+25]
	RtlGetAppContainerNamedObjectPath [0x77727C6E+286]
	RtlGetAppContainerNamedObjectPath [0x77727C3E+238]

	at java.base/jdk.internal.reflect.NativeConstructorAccessorImpl.newInstance0(Native Method)
	at java.base/jdk.internal.reflect.NativeConstructorAccessorImpl.newInstance(NativeConstructorAccessorImpl.java:77)
	at java.base/jdk.internal.reflect.DelegatingConstructorAccessorImpl.newInstance(DelegatingConstructorAccessorImpl.java:45)
	at java.base/java.lang.reflect.Constructor.newInstanceWithCaller(Constructor.java:499)
	at java.base/java.lang.reflect.Constructor.newInstance(Constructor.java:480)
	at org.openqa.selenium.remote.W3CHandshakeResponse.lambda$new$0(W3CHandshakeResponse.java:57)
	at org.openqa.selenium.remote.W3CHandshakeResponse.lambda$getResponseFunction$2(W3CHandshakeResponse.java:104)
	at org.openqa.selenium.remote.ProtocolHandshake.lambda$createSession$22(ProtocolHandshake.java:365)
	at java.base/java.util.stream.ReferencePipeline$3$1.accept(ReferencePipeline.java:197)
	at java.base/java.util.Spliterators$ArraySpliterator.tryAdvance(Spliterators.java:1002)
	at java.base/java.util.stream.ReferencePipeline.forEachWithCancel(ReferencePipeline.java:129)
	at java.base/java.util.stream.AbstractPipeline.copyIntoWithCancel(AbstractPipeline.java:527)
	at java.base/java.util.stream.AbstractPipeline.copyInto(AbstractPipeline.java:513)
	at java.base/java.util.stream.AbstractPipeline.wrapAndCopyInto(AbstractPipeline.java:499)
	at java.base/java.util.stream.FindOps$FindOp.evaluateSequential(FindOps.java:150)
	at java.base/java.util.stream.AbstractPipeline.evaluate(AbstractPipeline.java:234)
	at java.base/java.util.stream.ReferencePipeline.findFirst(ReferencePipeline.java:647)
	at org.openqa.selenium.remote.ProtocolHandshake.createSession(ProtocolHandshake.java:368)
	at org.openqa.selenium.remote.ProtocolHandshake.createSession(ProtocolHandshake.java:159)
	at org.openqa.selenium.remote.HttpCommandExecutor.execute(HttpCommandExecutor.java:142)
	at org.openqa.selenium.remote.service.DriverCommandExecutor.execute(DriverCommandExecutor.java:82)
	at org.openqa.selenium.remote.RemoteWebDriver.execute(RemoteWebDriver.java:637)
	at org.openqa.selenium.remote.RemoteWebDriver.startSession(RemoteWebDriver.java:250)
	at org.openqa.selenium.remote.RemoteWebDriver.startSession(RemoteWebDriver.java:236)
	at org.openqa.selenium.remote.RemoteWebDriver.<init>(RemoteWebDriver.java:137)
	at org.openqa.selenium.chrome.ChromeDriver.<init>(ChromeDriver.java:184)
	at org.openqa.selenium.chrome.ChromeDriver.<init>(ChromeDriver.java:171)
	at org.openqa.selenium.chrome.ChromeDriver.<init>(ChromeDriver.java:124)
	at tests.TestsForRun.setUp(TestsForRun.java:16)
	at java.base/jdk.internal.reflect.NativeMethodAccessorImpl.invoke0(Native Method)
	at java.base/jdk.internal.reflect.NativeMethodAccessorImpl.invoke(NativeMethodAccessorImpl.java:77)
	at java.base/jdk.internal.reflect.DelegatingMethodAccessorImpl.invoke(DelegatingMethodAccessorImpl.java:43)
	at java.base/java.lang.reflect.Method.invoke(Method.java:568)
	at org.testng.internal.MethodInvocationHelper.invokeMethod(MethodInvocationHelper.java:104)
	at org.testng.internal.Invoker.invokeConfigurationMethod(Invoker.java:515)
	at org.testng.internal.Invoker.invokeConfigurations(Invoker.java:217)
	at org.testng.internal.Invoker.invokeConfigurations(Invoker.java:144)
	at org.testng.TestRunner.beforeRun(TestRunner.java:634)
	at org.testng.TestRunner.run(TestRunner.java:602)
	at org.testng.SuiteRunner.runTest(SuiteRunner.java:387)
	at org.testng.SuiteRunner.runSequentially(SuiteRunner.java:382)
	at org.testng.SuiteRunner.privateRun(SuiteRunner.java:340)
	at org.testng.SuiteRunner.run(SuiteRunner.java:289)
	at org.testng.SuiteRunnerWorker.runSuite(SuiteRunnerWorker.java:52)
	at org.testng.SuiteRunnerWorker.run(SuiteRunnerWorker.java:86)
	at org.testng.TestNG.runSuitesSequentially(TestNG.java:1293)
	at org.testng.TestNG.runSuitesLocally(TestNG.java:1218)
	at org.testng.TestNG.runSuites(TestNG.java:1133)
	at org.testng.TestNG.run(TestNG.java:1104)
	at org.apache.maven.surefire.testng.TestNGExecutor.run(TestNGExecutor.java:281)
	at org.apache.maven.surefire.testng.TestNGXmlTestSuite.execute(TestNGXmlTestSuite.java:75)
	at org.apache.maven.surefire.testng.TestNGProvider.invoke(TestNGProvider.java:121)
	at org.apache.maven.surefire.booter.ForkedBooter.invokeProviderInSameClassLoader(ForkedBooter.java:290)
	at org.apache.maven.surefire.booter.ForkedBooter.runSuitesInProcess(ForkedBooter.java:242)
	at org.apache.maven.surefire.booter.ForkedBooter.main(ForkedBooter.java:121)
]]>
            </full-stacktrace>
          </exception> <!-- org.openqa.selenium.SessionNotCreatedException -->
          <reporter-output>
          </reporter-output>
        </test-method> <!-- testBox -->
        <test-method is-config="true" signature="tearDown()[pri:0, instance:tests.TestsForRun@1750fbeb]" started-at="2024-01-04T19:19:59Z" name="tearDown" finished-at="2024-01-04T19:19:59Z" duration-ms="0" status="SKIP">
          <reporter-output>
          </reporter-output>
        </test-method> <!-- tearDown -->
      </class> <!-- tests.TestsForRun -->
    </test> <!-- Test -->
  </suite> <!-- Suite -->
</testng-results>
